2024-01-12 21:11:21	
{"@timestamp":"2024-01-12T20:11:21.670821402Z","@version":"1","message":"Application run failed","logger_name":"org.springframework.boot.SpringApplication","thread_name":"main","level":"ERROR","level_value":40000,"stack_trace":"org.springframework.beans.factory.BeanDefinitionStoreException: Invalid bean definition with name 'hu.cubix.cloud.call.api.TrainingApi' defined in null: Could not resolve placeholder 'api.message.url' in value \"http://${api.message.url}\"\n\tat org.springframework.beans.factory.config.PlaceholderConfigurerSupport.doProcessProperties(PlaceholderConfigurerSupport.java:230)\n\tat org.springframework.context.support.PropertySourcesPlaceholderConfigurer.processProperties(PropertySourcesPlaceholderConfigurer.java:207)\n\tat org.springframework.context.support.PropertySourcesPlaceholderConfigurer.postProcessBeanFactory(PropertySourcesPlaceholderConfigurer.java:173)\n\tat org.springframework.context.support.PostProcessorRegistrationDelegate.invokeBeanFactoryPostProcessors(PostProcessorRegistrationDelegate.java:358)\n\tat org.springframework.context.support.PostProcessorRegistrationDelegate.invokeBeanFactoryPostProcessors(PostProcessorRegistrationDelegate.java:186)\n\tat org.springframework.context.support.AbstractApplicationContext.invokeBeanFactoryPostProcessors(AbstractApplicationContext.java:779)\n\tat org.springframework.context.support.AbstractApplicationContext.refresh(AbstractApplicationContext.java:597)\n\tat org.springframework.boot.web.servlet.context.ServletWebServerApplicationContext.refresh(ServletWebServerApplicationContext.java:146)\n\tat org.springframework.boot.SpringApplication.refresh(SpringApplication.java:738)\n\tat org.springframework.boot.SpringApplication.refreshContext(SpringApplication.java:440)\n\tat org.springframework.boot.SpringApplication.run(SpringApplication.java:316)\n\tat org.springframework.boot.SpringApplication.run(SpringApplication.java:1306)\n\tat org.springframework.boot.SpringApplication.run(SpringApplication.java:1295)\n\tat hu.cubix.cloud.TrainingApiApplication.main(TrainingApiApplication.java:12)\n\tat java.base/jdk.internal.reflect.NativeMethodAccessorImpl.invoke0(Native Method)\n\tat java.base/jdk.internal.reflect.NativeMethodAccessorImpl.invoke(Unknown Source)\n\tat java.base/jdk.internal.reflect.DelegatingMethodAccessorImpl.invoke(Unknown Source)\n\tat java.base/java.lang.reflect.Method.invoke(Unknown Source)\n\tat org.springframework.boot.loader.MainMethodRunner.run(MainMethodRunner.java:49)\n\tat org.springframework.boot.loader.Launcher.launch(Launcher.java:95)\n\tat org.springframework.boot.loader.Launcher.launch(Launcher.java:58)\n\tat org.springframework.boot.loader.JarLauncher.main(JarLauncher.java:65)\nCaused by: java.lang.IllegalArgumentException: Could not resolve placeholder 'api.message.url' in value \"http://${api.message.url}\"\n\tat org.springframework.util.PropertyPlaceholderHelper.parseStringValue(PropertyPlaceholderHelper.java:180)\n\tat org.springframework.util.PropertyPlaceholderHelper.replacePlaceholders(PropertyPlaceholderHelper.java:126)\n\tat org.springframework.core.env.AbstractPropertyResolver.doResolvePlaceholders(AbstractPropertyResolver.java:239)\n\tat org.springframework.core.env.AbstractPropertyResolver.resolveRequiredPlaceholders(AbstractPropertyResolver.java:210)\n\tat org.springframework.context.support.PropertySourcesPlaceholderConfigurer.lambda$processProperties$0(PropertySourcesPlaceholderConfigurer.java:200)\n\tat org.springframework.beans.factory.config.BeanDefinitionVisitor.resolveStringValue(BeanDefinitionVisitor.java:293)\n\tat org.springframework.beans.factory.config.BeanDefinitionVisitor.resolveValue(BeanDefinitionVisitor.java:219)\n\tat org.springframework.beans.factory.config.BeanDefinitionVisitor.visitPropertyValues(BeanDefinitionVisitor.java:147)\n\tat org.springframework.beans.factory.config.BeanDefinitionVisitor.visitBeanDefinition(BeanDefinitionVisitor.java:85)\n\tat org.springframework.beans.factory.config.PlaceholderConfigurerSupport.doProcessProperties(PlaceholderConfigurerSupport.java:227)\n\t... 21 common frames omitted\n"}
2024-01-12 21:11:21	
{"@timestamp":"2024-01-12T20:11:21.588582742Z","@version":"1","message":"\n\nError starting ApplicationContext. To display the condition evaluation report re-run your application with 'debug' enabled.","logger_name":"org.springframework.boot.autoconfigure.logging.ConditionEvaluationReportLogger","thread_name":"main","level":"INFO","level_value":20000}
2024-01-12 21:11:21	
{"@timestamp":"2024-01-12T20:11:21.51098028Z","@version":"1","message":"Exception encountered during context initialization - cancelling refresh attempt: org.springframework.beans.factory.BeanDefinitionStoreException: Invalid bean definition with name 'hu.cubix.cloud.call.api.TrainingApi' defined in null: Could not resolve placeholder 'api.message.url' in value \"http://${api.message.url}\"","logger_name":"org.springframework.boot.web.servlet.context.AnnotationConfigServletWebServerApplicationContext","thread_name":"main","level":"WARN","level_value":30000}
2024-01-12 21:11:21	
{"@timestamp":"2024-01-12T20:11:21.500398985Z","@version":"1","message":"BeanFactory id=2b46c3cd-054b-39c6-bbad-f630b5923cc8","logger_name":"org.springframework.cloud.context.scope.GenericScope","thread_name":"main","level":"INFO","level_value":20000}
2024-01-12 21:11:17	
{"@timestamp":"2024-01-12T20:11:17.602011028Z","@version":"1","message":"No active profile set, falling back to 1 default profile: \"default\"","logger_name":"hu.cubix.cloud.TrainingApiApplication","thread_name":"main","level":"INFO","level_value":20000}
2024-01-12 21:11:17	
{"@timestamp":"2024-01-12T20:11:17.581138738Z","@version":"1","message":"Starting TrainingApiApplication v1.0.0-SNAPSHOT using Java 17.0.9 with PID 11 (/opt/app/app.jar started by ? in /opt/app)","logger_name":"hu.cubix.cloud.TrainingApiApplication","thread_name":"main","level":"INFO","level_value":20000}
2024-01-12 21:11:17	
2024-01-12 21:11:17	
 :: Spring Boot ::                (v3.1.6)
2024-01-12 21:11:17	
 =========|_|==============|___/=/_/_/_/
2024-01-12 21:11:17	
  '  |____| .__|_| |_|_| |_\__, | / / / /
2024-01-12 21:11:17	
 \\/  ___)| |_)| | | | | || (_| |  ) ) ) )
2024-01-12 21:11:17	
( ( )\___ | '_ | '_| | '_ \/ _` | \ \ \ \
2024-01-12 21:11:17	
 /\\ / ___'_ __ _ _(_)_ __  __ _ \ \ \ \
2024-01-12 21:11:17	
  .   ____          _            __ _ _
2024-01-12 21:11:17	
2024-01-12 21:11:13	
[otel.javaagent 2024-01-12 20:11:13:481 +0000] [main] INFO io.opentelemetry.javaagent.shaded.instrumentation.jmx.engine.JmxMetricInsight - Empty JMX configuration, no metrics will be collected for InstrumentationScope io.opentelemetry.jmx
2024-01-12 21:11:09	
[otel.javaagent 2024-01-12 20:11:09:612 +0000] [main] INFO io.opentelemetry.javaagent.tooling.VersionLogger - opentelemetry-javaagent - version: 1.20.2
2024-01-12 21:11:09	
OpenJDK 64-Bit Server VM warning: Sharing is only supported for boot loader classes because bootstrap classpath has been appended
2024-01-12 21:11:08	
{"@timestamp":"2024-01-12T20:11:08.60977742Z","@version":"1","message":"Application run failed","logger_name":"org.springframework.boot.SpringApplication","thread_name":"main","level":"ERROR","level_value":40000,"stack_trace":"org.springframework.beans.factory.BeanDefinitionStoreException: Invalid bean definition with name 'hu.cubix.cloud.call.api.TrainingApi' defined in null: Could not resolve placeholder 'api.message.url' in value \"http://${api.message.url}\"\n\tat org.springframework.beans.factory.config.PlaceholderConfigurerSupport.doProcessProperties(PlaceholderConfigurerSupport.java:230)\n\tat org.springframework.context.support.PropertySourcesPlaceholderConfigurer.processProperties(PropertySourcesPlaceholderConfigurer.java:207)\n\tat org.springframework.context.support.PropertySourcesPlaceholderConfigurer.postProcessBeanFactory(PropertySourcesPlaceholderConfigurer.java:173)\n\tat org.springframework.context.support.PostProcessorRegistrationDelegate.invokeBeanFactoryPostProcessors(PostProcessorRegistrationDelegate.java:358)\n\tat org.springframework.context.support.PostProcessorRegistrationDelegate.invokeBeanFactoryPostProcessors(PostProcessorRegistrationDelegate.java:186)\n\tat org.springframework.context.support.AbstractApplicationContext.invokeBeanFactoryPostProcessors(AbstractApplicationContext.java:779)\n\tat org.springframework.context.support.AbstractApplicationContext.refresh(AbstractApplicationContext.java:597)\n\tat org.springframework.boot.web.servlet.context.ServletWebServerApplicationContext.refresh(ServletWebServerApplicationContext.java:146)\n\tat org.springframework.boot.SpringApplication.refresh(SpringApplication.java:738)\n\tat org.springframework.boot.SpringApplication.refreshContext(SpringApplication.java:440)\n\tat org.springframework.boot.SpringApplication.run(SpringApplication.java:316)\n\tat org.springframework.boot.SpringApplication.run(SpringApplication.java:1306)\n\tat org.springframework.boot.SpringApplication.run(SpringApplication.java:1295)\n\tat hu.cubix.cloud.TrainingApiApplication.main(TrainingApiApplication.java:12)\n\tat java.base/jdk.internal.reflect.NativeMethodAccessorImpl.invoke0(Native Method)\n\tat java.base/jdk.internal.reflect.NativeMethodAccessorImpl.invoke(Unknown Source)\n\tat java.base/jdk.internal.reflect.DelegatingMethodAccessorImpl.invoke(Unknown Source)\n\tat java.base/java.lang.reflect.Method.invoke(Unknown Source)\n\tat org.springframework.boot.loader.MainMethodRunner.run(MainMethodRunner.java:49)\n\tat org.springframework.boot.loader.Launcher.launch(Launcher.java:95)\n\tat org.springframework.boot.loader.Launcher.launch(Launcher.java:58)\n\tat org.springframework.boot.loader.JarLauncher.main(JarLauncher.java:65)\nCaused by: java.lang.IllegalArgumentException: Could not resolve placeholder 'api.message.url' in value \"http://${api.message.url}\"\n\tat org.springframework.util.PropertyPlaceholderHelper.parseStringValue(PropertyPlaceholderHelper.java:180)\n\tat org.springframework.util.PropertyPlaceholderHelper.replacePlaceholders(PropertyPlaceholderHelper.java:126)\n\tat org.springframework.core.env.AbstractPropertyResolver.doResolvePlaceholders(AbstractPropertyResolver.java:239)\n\tat org.springframework.core.env.AbstractPropertyResolver.resolveRequiredPlaceholders(AbstractPropertyResolver.java:210)\n\tat org.springframework.context.support.PropertySourcesPlaceholderConfigurer.lambda$processProperties$0(PropertySourcesPlaceholderConfigurer.java:200)\n\tat org.springframework.beans.factory.config.BeanDefinitionVisitor.resolveStringValue(BeanDefinitionVisitor.java:293)\n\tat org.springframework.beans.factory.config.BeanDefinitionVisitor.resolveValue(BeanDefinitionVisitor.java:219)\n\tat org.springframework.beans.factory.config.BeanDefinitionVisitor.visitPropertyValues(BeanDefinitionVisitor.java:147)\n\tat org.springframework.beans.factory.config.BeanDefinitionVisitor.visitBeanDefinition(BeanDefinitionVisitor.java:85)\n\tat org.springframework.beans.factory.config.PlaceholderConfigurerSupport.doProcessProperties(PlaceholderConfigurerSupport.java:227)\n\t... 21 common frames omitted\n"}
2024-01-12 21:11:08	
{"@timestamp":"2024-01-12T20:11:08.58806572Z","@version":"1","message":"\n\nError starting ApplicationContext. To display the condition evaluation report re-run your application with 'debug' enabled.","logger_name":"org.springframework.boot.autoconfigure.logging.ConditionEvaluationReportLogger","thread_name":"main","level":"INFO","level_value":20000}
2024-01-12 21:11:08	
{"@timestamp":"2024-01-12T20:11:08.500425429Z","@version":"1","message":"Exception encountered during context initialization - cancelling refresh attempt: org.springframework.beans.factory.BeanDefinitionStoreException: Invalid bean definition with name 'hu.cubix.cloud.call.api.TrainingApi' defined in null: Could not resolve placeholder 'api.message.url' in value \"http://${api.message.url}\"","logger_name":"org.springframework.boot.web.servlet.context.AnnotationConfigServletWebServerApplicationContext","thread_name":"main","level":"WARN","level_value":30000}
2024-01-12 21:11:08	
{"@timestamp":"2024-01-12T20:11:08.495136002Z","@version":"1","message":"BeanFactory id=2b46c3cd-054b-39c6-bbad-f630b5923cc8","logger_name":"org.springframework.cloud.context.scope.GenericScope","thread_name":"main","level":"INFO","level_value":20000}
2024-01-12 21:11:04	
{"@timestamp":"2024-01-12T20:11:04.700943563Z","@version":"1","message":"No active profile set, falling back to 1 default profile: \"default\"","logger_name":"hu.cubix.cloud.TrainingApiApplication","thread_name":"main","level":"INFO","level_value":20000}
2024-01-12 21:11:04	
{"@timestamp":"2024-01-12T20:11:04.681275932Z","@version":"1","message":"Starting TrainingApiApplication v1.0.0-SNAPSHOT using Java 17.0.9 with PID 9 (/opt/app/app.jar started by ? in /opt/app)","logger_name":"hu.cubix.cloud.TrainingApiApplication","thread_name":"main","level":"INFO","level_value":20000}
2024-01-12 21:11:04	
2024-01-12 21:11:04	
 :: Spring Boot ::                (v3.1.6)
2024-01-12 21:11:04	
 =========|_|==============|___/=/_/_/_/
2024-01-12 21:11:04	
  '  |____| .__|_| |_|_| |_\__, | / / / /
2024-01-12 21:11:04	
 \\/  ___)| |_)| | | | | || (_| |  ) ) ) )
2024-01-12 21:11:04	
( ( )\___ | '_ | '_| | '_ \/ _` | \ \ \ \
2024-01-12 21:11:04	
 /\\ / ___'_ __ _ _(_)_ __  __ _ \ \ \ \
2024-01-12 21:11:04	
  .   ____          _            __ _ _
2024-01-12 21:11:04	
2024-01-12 21:11:00	
[otel.javaagent 2024-01-12 20:11:00:089 +0000] [main] INFO io.opentelemetry.javaagent.shaded.instrumentation.jmx.engine.JmxMetricInsight - Empty JMX configuration, no metrics will be collected for InstrumentationScope io.opentelemetry.jmx
2024-01-12 21:10:54	
[otel.javaagent 2024-01-12 20:10:54:707 +0000] [main] INFO io.opentelemetry.javaagent.tooling.VersionLogger - opentelemetry-javaagent - version: 1.20.2
2024-01-12 21:10:54	
OpenJDK 64-Bit Server VM warning: Sharing is only supported for boot loader classes because bootstrap classpath has been appended
